<?xml version="1.0" encoding="UTF-8"?>
<testng-results skipped="3" failed="1" ignored="0" total="6" passed="2">
  <reporter-output>
  </reporter-output>
  <suite name="Google Search Regression Suite" duration-ms="91799" started-at="2021-09-25T23:10:16Z" finished-at="2021-09-25T23:11:48Z">
    <groups>
    </groups>
    <test name="Google Page Test" duration-ms="91799" started-at="2021-09-25T23:10:16Z" finished-at="2021-09-25T23:11:48Z">
      <class name="com.qa.selenium.tests.GooglePageTest">
        <test-method status="PASS" signature="setUp(java.lang.String)[pri:0, instance:com.qa.selenium.tests.GooglePageTest@53aad5d5]" name="setUp" is-config="true" duration-ms="4537" started-at="2021-09-25T23:10:16Z" finished-at="2021-09-25T23:10:21Z">
          <params>
            <param index="0">
              <value>
                <![CDATA[chrome]]>
              </value>
            </param>
          </params>
          <reporter-output>
          </reporter-output>
        </test-method> <!-- setUp -->
        <test-method status="PASS" signature="searchItemOnGoogleAndVerify(java.lang.String, java.lang.String)[pri:1, instance:com.qa.selenium.tests.GooglePageTest@53aad5d5]" name="searchItemOnGoogleAndVerify" duration-ms="4919" started-at="2021-09-25T23:10:21Z" data-provider="getGoogleTestData" finished-at="2021-09-25T23:10:26Z">
          <params>
            <param index="0">
              <value>
                <![CDATA[Zensar]]>
              </value>
            </param>
            <param index="1">
              <value>
                <![CDATA[Zensar: Think velocity]]>
              </value>
            </param>
          </params>
          <reporter-output>
          </reporter-output>
        </test-method> <!-- searchItemOnGoogleAndVerify -->
        <test-method status="PASS" signature="tearDown()[pri:0, instance:com.qa.selenium.tests.GooglePageTest@53aad5d5]" name="tearDown" is-config="true" duration-ms="1516" started-at="2021-09-25T23:10:26Z" finished-at="2021-09-25T23:10:27Z">
          <reporter-output>
          </reporter-output>
        </test-method> <!-- tearDown -->
        <test-method status="PASS" signature="setUp(java.lang.String)[pri:0, instance:com.qa.selenium.tests.GooglePageTest@53aad5d5]" name="setUp" is-config="true" duration-ms="2159" started-at="2021-09-25T23:10:27Z" finished-at="2021-09-25T23:10:30Z">
          <params>
            <param index="0">
              <value>
                <![CDATA[chrome]]>
              </value>
            </param>
          </params>
          <reporter-output>
          </reporter-output>
        </test-method> <!-- setUp -->
        <test-method status="PASS" signature="searchItemOnGoogleAndVerify(java.lang.String, java.lang.String)[pri:1, instance:com.qa.selenium.tests.GooglePageTest@53aad5d5]" name="searchItemOnGoogleAndVerify" duration-ms="5412" started-at="2021-09-25T23:10:30Z" data-provider="getGoogleTestData" finished-at="2021-09-25T23:10:35Z">
          <params>
            <param index="0">
              <value>
                <![CDATA[Fiserv]]>
              </value>
            </param>
            <param index="1">
              <value>
                <![CDATA[Fiserv: Financial Services Technology, Mobile Banking ...]]>
              </value>
            </param>
          </params>
          <reporter-output>
          </reporter-output>
        </test-method> <!-- searchItemOnGoogleAndVerify -->
        <test-method status="PASS" signature="tearDown()[pri:0, instance:com.qa.selenium.tests.GooglePageTest@53aad5d5]" name="tearDown" is-config="true" duration-ms="773" started-at="2021-09-25T23:10:35Z" finished-at="2021-09-25T23:10:36Z">
          <reporter-output>
          </reporter-output>
        </test-method> <!-- tearDown -->
        <test-method status="PASS" signature="setUp(java.lang.String)[pri:0, instance:com.qa.selenium.tests.GooglePageTest@53aad5d5]" name="setUp" is-config="true" duration-ms="2145" started-at="2021-09-25T23:10:36Z" finished-at="2021-09-25T23:10:38Z">
          <params>
            <param index="0">
              <value>
                <![CDATA[chrome]]>
              </value>
            </param>
          </params>
          <reporter-output>
          </reporter-output>
        </test-method> <!-- setUp -->
        <test-method status="SKIP" signature="searchItemOnGoogleAndVerify(java.lang.String, java.lang.String)[pri:1, instance:com.qa.selenium.tests.GooglePageTest@53aad5d5]" name="searchItemOnGoogleAndVerify" duration-ms="15472" started-at="2021-09-25T23:10:38Z" data-provider="getGoogleTestData" finished-at="2021-09-25T23:10:53Z">
          <params>
            <param index="0">
              <value>
                <![CDATA[Amazon]]>
              </value>
            </param>
            <param index="1">
              <value>
                <![CDATA[Amazon.in1]]>
              </value>
            </param>
          </params>
          <exception class="org.openqa.selenium.NoSuchElementException">
            <message>
              <![CDATA[no such element: Unable to locate element: {"method":"xpath","selector":"//div[@id='search']//a//h3[contains(text(),'Amazon.in1')]"}
  (Session info: chrome=94.0.4606.61)
For documentation on this error, please visit: https://www.seleniumhq.org/exceptions/no_such_element.html
Build info: version: '3.141.59', revision: 'e82be7d358', time: '2018-11-14T08:17:03'
System info: host: 'LP1-AP-51836313', ip: '172.28.80.1', os.name: 'Windows 10', os.arch: 'amd64', os.version: '10.0', java.version: '1.8.0_231'
Driver info: org.openqa.selenium.chrome.ChromeDriver
Capabilities {acceptInsecureCerts: false, browserName: chrome, browserVersion: 94.0.4606.61, chrome: {chromedriverVersion: 94.0.4606.41 (333e85df3c9b6..., userDataDir: C:\Users\RAHUL-~1\AppData\L...}, goog:chromeOptions: {debuggerAddress: localhost:56953}, javascriptEnabled: true, networkConnectionEnabled: false, pageLoadStrategy: normal, platform: WINDOWS, platformName: WINDOWS, proxy: Proxy(), setWindowRect: true, strictFileInteractability: false, timeouts: {implicit: 0, pageLoad: 300000, script: 30000}, unhandledPromptBehavior: dismiss and notify, webauthn:extension:credBlob: true, webauthn:extension:largeBlob: true, webauthn:virtualAuthenticators: true}
Session ID: 1599f301fee8eecbd7f5fcbc39a2f816
*** Element info: {Using=xpath, value=//div[@id='search']//a//h3[contains(text(),'Amazon.in1')]}]]>
            </message>
            <full-stacktrace>
              <![CDATA[org.openqa.selenium.NoSuchElementException: no such element: Unable to locate element: {"method":"xpath","selector":"//div[@id='search']//a//h3[contains(text(),'Amazon.in1')]"}
  (Session info: chrome=94.0.4606.61)
For documentation on this error, please visit: https://www.seleniumhq.org/exceptions/no_such_element.html
Build info: version: '3.141.59', revision: 'e82be7d358', time: '2018-11-14T08:17:03'
System info: host: 'LP1-AP-51836313', ip: '172.28.80.1', os.name: 'Windows 10', os.arch: 'amd64', os.version: '10.0', java.version: '1.8.0_231'
Driver info: org.openqa.selenium.chrome.ChromeDriver
Capabilities {acceptInsecureCerts: false, browserName: chrome, browserVersion: 94.0.4606.61, chrome: {chromedriverVersion: 94.0.4606.41 (333e85df3c9b6..., userDataDir: C:\Users\RAHUL-~1\AppData\L...}, goog:chromeOptions: {debuggerAddress: localhost:56953}, javascriptEnabled: true, networkConnectionEnabled: false, pageLoadStrategy: normal, platform: WINDOWS, platformName: WINDOWS, proxy: Proxy(), setWindowRect: true, strictFileInteractability: false, timeouts: {implicit: 0, pageLoad: 300000, script: 30000}, unhandledPromptBehavior: dismiss and notify, webauthn:extension:credBlob: true, webauthn:extension:largeBlob: true, webauthn:virtualAuthenticators: true}
Session ID: 1599f301fee8eecbd7f5fcbc39a2f816
*** Element info: {Using=xpath, value=//div[@id='search']//a//h3[contains(text(),'Amazon.in1')]}
at sun.reflect.NativeConstructorAccessorImpl.newInstance0(Native Method)
at sun.reflect.NativeConstructorAccessorImpl.newInstance(Unknown Source)
at sun.reflect.DelegatingConstructorAccessorImpl.newInstance(Unknown Source)
at java.lang.reflect.Constructor.newInstance(Unknown Source)
at org.openqa.selenium.remote.http.W3CHttpResponseCodec.createException(W3CHttpResponseCodec.java:187)
at org.openqa.selenium.remote.http.W3CHttpResponseCodec.decode(W3CHttpResponseCodec.java:122)
at org.openqa.selenium.remote.http.W3CHttpResponseCodec.decode(W3CHttpResponseCodec.java:49)
at org.openqa.selenium.remote.HttpCommandExecutor.execute(HttpCommandExecutor.java:158)
at org.openqa.selenium.remote.service.DriverCommandExecutor.execute(DriverCommandExecutor.java:83)
at org.openqa.selenium.remote.RemoteWebDriver.execute(RemoteWebDriver.java:552)
at org.openqa.selenium.remote.RemoteWebDriver.findElement(RemoteWebDriver.java:323)
at org.openqa.selenium.remote.RemoteWebDriver.findElementByXPath(RemoteWebDriver.java:428)
at org.openqa.selenium.By$ByXPath.findElement(By.java:353)
at org.openqa.selenium.remote.RemoteWebDriver.findElement(RemoteWebDriver.java:315)
at com.qa.selenium.utils.ElementUtil.convertStringToWebElement(ElementUtil.java:85)
at com.qa.selenium.pages.GooglePage.getFirstSearchedItem(GooglePage.java:48)
at com.qa.selenium.tests.GooglePageTest.searchItemOnGoogleAndVerify(GooglePageTest.java:23)
at sun.reflect.NativeMethodAccessorImpl.invoke0(Native Method)
at sun.reflect.NativeMethodAccessorImpl.invoke(Unknown Source)
at sun.reflect.DelegatingMethodAccessorImpl.invoke(Unknown Source)
at java.lang.reflect.Method.invoke(Unknown Source)
at org.testng.internal.MethodInvocationHelper.invokeMethod(MethodInvocationHelper.java:124)
at org.testng.internal.Invoker.invokeMethod(Invoker.java:583)
at org.testng.internal.Invoker.invokeTestMethod(Invoker.java:719)
at org.testng.internal.Invoker.invokeTestMethods(Invoker.java:989)
at org.testng.internal.TestMethodWorker.invokeTestMethods(TestMethodWorker.java:125)
at org.testng.internal.TestMethodWorker.run(TestMethodWorker.java:109)
at org.testng.TestRunner.privateRun(TestRunner.java:648)
at org.testng.TestRunner.run(TestRunner.java:505)
at org.testng.SuiteRunner.runTest(SuiteRunner.java:455)
at org.testng.SuiteRunner.access$000(SuiteRunner.java:40)
at org.testng.SuiteRunner$SuiteWorker.run(SuiteRunner.java:489)
at org.testng.internal.thread.ThreadUtil$1.call(ThreadUtil.java:52)
at java.util.concurrent.FutureTask.run(Unknown Source)
at java.util.concurrent.ThreadPoolExecutor.runWorker(Unknown Source)
at java.util.concurrent.ThreadPoolExecutor$Worker.run(Unknown Source)
at java.lang.Thread.run(Unknown Source)
]]>
            </full-stacktrace>
          </exception> <!-- org.openqa.selenium.NoSuchElementException -->
          <reporter-output>
          </reporter-output>
        </test-method> <!-- searchItemOnGoogleAndVerify -->
        <test-method status="PASS" signature="tearDown()[pri:0, instance:com.qa.selenium.tests.GooglePageTest@53aad5d5]" name="tearDown" is-config="true" duration-ms="726" started-at="2021-09-25T23:10:54Z" finished-at="2021-09-25T23:10:54Z">
          <reporter-output>
          </reporter-output>
        </test-method> <!-- tearDown -->
        <test-method status="PASS" signature="setUp(java.lang.String)[pri:0, instance:com.qa.selenium.tests.GooglePageTest@53aad5d5]" name="setUp" is-config="true" duration-ms="2136" started-at="2021-09-25T23:10:54Z" finished-at="2021-09-25T23:10:57Z">
          <params>
            <param index="0">
              <value>
                <![CDATA[chrome]]>
              </value>
            </param>
          </params>
          <reporter-output>
          </reporter-output>
        </test-method> <!-- setUp -->
        <test-method status="SKIP" signature="searchItemOnGoogleAndVerify(java.lang.String, java.lang.String)[pri:1, instance:com.qa.selenium.tests.GooglePageTest@53aad5d5]" name="searchItemOnGoogleAndVerify" duration-ms="14395" started-at="2021-09-25T23:10:57Z" data-provider="getGoogleTestData" finished-at="2021-09-25T23:11:11Z">
          <params>
            <param index="0">
              <value>
                <![CDATA[Amazon]]>
              </value>
            </param>
            <param index="1">
              <value>
                <![CDATA[Amazon.in1]]>
              </value>
            </param>
          </params>
          <exception class="org.openqa.selenium.NoSuchElementException">
            <message>
              <![CDATA[no such element: Unable to locate element: {"method":"xpath","selector":"//div[@id='search']//a//h3[contains(text(),'Amazon.in1')]"}
  (Session info: chrome=94.0.4606.61)
For documentation on this error, please visit: https://www.seleniumhq.org/exceptions/no_such_element.html
Build info: version: '3.141.59', revision: 'e82be7d358', time: '2018-11-14T08:17:03'
System info: host: 'LP1-AP-51836313', ip: '172.28.80.1', os.name: 'Windows 10', os.arch: 'amd64', os.version: '10.0', java.version: '1.8.0_231'
Driver info: org.openqa.selenium.chrome.ChromeDriver
Capabilities {acceptInsecureCerts: false, browserName: chrome, browserVersion: 94.0.4606.61, chrome: {chromedriverVersion: 94.0.4606.41 (333e85df3c9b6..., userDataDir: C:\Users\RAHUL-~1\AppData\L...}, goog:chromeOptions: {debuggerAddress: localhost:56632}, javascriptEnabled: true, networkConnectionEnabled: false, pageLoadStrategy: normal, platform: WINDOWS, platformName: WINDOWS, proxy: Proxy(), setWindowRect: true, strictFileInteractability: false, timeouts: {implicit: 0, pageLoad: 300000, script: 30000}, unhandledPromptBehavior: dismiss and notify, webauthn:extension:credBlob: true, webauthn:extension:largeBlob: true, webauthn:virtualAuthenticators: true}
Session ID: fcc1892307236656711da62d22d91711
*** Element info: {Using=xpath, value=//div[@id='search']//a//h3[contains(text(),'Amazon.in1')]}]]>
            </message>
            <full-stacktrace>
              <![CDATA[org.openqa.selenium.NoSuchElementException: no such element: Unable to locate element: {"method":"xpath","selector":"//div[@id='search']//a//h3[contains(text(),'Amazon.in1')]"}
  (Session info: chrome=94.0.4606.61)
For documentation on this error, please visit: https://www.seleniumhq.org/exceptions/no_such_element.html
Build info: version: '3.141.59', revision: 'e82be7d358', time: '2018-11-14T08:17:03'
System info: host: 'LP1-AP-51836313', ip: '172.28.80.1', os.name: 'Windows 10', os.arch: 'amd64', os.version: '10.0', java.version: '1.8.0_231'
Driver info: org.openqa.selenium.chrome.ChromeDriver
Capabilities {acceptInsecureCerts: false, browserName: chrome, browserVersion: 94.0.4606.61, chrome: {chromedriverVersion: 94.0.4606.41 (333e85df3c9b6..., userDataDir: C:\Users\RAHUL-~1\AppData\L...}, goog:chromeOptions: {debuggerAddress: localhost:56632}, javascriptEnabled: true, networkConnectionEnabled: false, pageLoadStrategy: normal, platform: WINDOWS, platformName: WINDOWS, proxy: Proxy(), setWindowRect: true, strictFileInteractability: false, timeouts: {implicit: 0, pageLoad: 300000, script: 30000}, unhandledPromptBehavior: dismiss and notify, webauthn:extension:credBlob: true, webauthn:extension:largeBlob: true, webauthn:virtualAuthenticators: true}
Session ID: fcc1892307236656711da62d22d91711
*** Element info: {Using=xpath, value=//div[@id='search']//a//h3[contains(text(),'Amazon.in1')]}
at sun.reflect.NativeConstructorAccessorImpl.newInstance0(Native Method)
at sun.reflect.NativeConstructorAccessorImpl.newInstance(Unknown Source)
at sun.reflect.DelegatingConstructorAccessorImpl.newInstance(Unknown Source)
at java.lang.reflect.Constructor.newInstance(Unknown Source)
at org.openqa.selenium.remote.http.W3CHttpResponseCodec.createException(W3CHttpResponseCodec.java:187)
at org.openqa.selenium.remote.http.W3CHttpResponseCodec.decode(W3CHttpResponseCodec.java:122)
at org.openqa.selenium.remote.http.W3CHttpResponseCodec.decode(W3CHttpResponseCodec.java:49)
at org.openqa.selenium.remote.HttpCommandExecutor.execute(HttpCommandExecutor.java:158)
at org.openqa.selenium.remote.service.DriverCommandExecutor.execute(DriverCommandExecutor.java:83)
at org.openqa.selenium.remote.RemoteWebDriver.execute(RemoteWebDriver.java:552)
at org.openqa.selenium.remote.RemoteWebDriver.findElement(RemoteWebDriver.java:323)
at org.openqa.selenium.remote.RemoteWebDriver.findElementByXPath(RemoteWebDriver.java:428)
at org.openqa.selenium.By$ByXPath.findElement(By.java:353)
at org.openqa.selenium.remote.RemoteWebDriver.findElement(RemoteWebDriver.java:315)
at com.qa.selenium.utils.ElementUtil.convertStringToWebElement(ElementUtil.java:85)
at com.qa.selenium.pages.GooglePage.getFirstSearchedItem(GooglePage.java:48)
at com.qa.selenium.tests.GooglePageTest.searchItemOnGoogleAndVerify(GooglePageTest.java:23)
at sun.reflect.NativeMethodAccessorImpl.invoke0(Native Method)
at sun.reflect.NativeMethodAccessorImpl.invoke(Unknown Source)
at sun.reflect.DelegatingMethodAccessorImpl.invoke(Unknown Source)
at java.lang.reflect.Method.invoke(Unknown Source)
at org.testng.internal.MethodInvocationHelper.invokeMethod(MethodInvocationHelper.java:124)
at org.testng.internal.Invoker.invokeMethod(Invoker.java:583)
at org.testng.internal.Invoker.retryFailed(Invoker.java:839)
at org.testng.internal.Invoker.invokeTestMethods(Invoker.java:1010)
at org.testng.internal.TestMethodWorker.invokeTestMethods(TestMethodWorker.java:125)
at org.testng.internal.TestMethodWorker.run(TestMethodWorker.java:109)
at org.testng.TestRunner.privateRun(TestRunner.java:648)
at org.testng.TestRunner.run(TestRunner.java:505)
at org.testng.SuiteRunner.runTest(SuiteRunner.java:455)
at org.testng.SuiteRunner.access$000(SuiteRunner.java:40)
at org.testng.SuiteRunner$SuiteWorker.run(SuiteRunner.java:489)
at org.testng.internal.thread.ThreadUtil$1.call(ThreadUtil.java:52)
at java.util.concurrent.FutureTask.run(Unknown Source)
at java.util.concurrent.ThreadPoolExecutor.runWorker(Unknown Source)
at java.util.concurrent.ThreadPoolExecutor$Worker.run(Unknown Source)
at java.lang.Thread.run(Unknown Source)
]]>
            </full-stacktrace>
          </exception> <!-- org.openqa.selenium.NoSuchElementException -->
          <reporter-output>
          </reporter-output>
        </test-method> <!-- searchItemOnGoogleAndVerify -->
        <test-method status="PASS" signature="tearDown()[pri:0, instance:com.qa.selenium.tests.GooglePageTest@53aad5d5]" name="tearDown" is-config="true" duration-ms="740" started-at="2021-09-25T23:11:11Z" finished-at="2021-09-25T23:11:12Z">
          <reporter-output>
          </reporter-output>
        </test-method> <!-- tearDown -->
        <test-method status="PASS" signature="setUp(java.lang.String)[pri:0, instance:com.qa.selenium.tests.GooglePageTest@53aad5d5]" name="setUp" is-config="true" duration-ms="2073" started-at="2021-09-25T23:11:12Z" finished-at="2021-09-25T23:11:14Z">
          <params>
            <param index="0">
              <value>
                <![CDATA[chrome]]>
              </value>
            </param>
          </params>
          <reporter-output>
          </reporter-output>
        </test-method> <!-- setUp -->
        <test-method status="SKIP" signature="searchItemOnGoogleAndVerify(java.lang.String, java.lang.String)[pri:1, instance:com.qa.selenium.tests.GooglePageTest@53aad5d5]" name="searchItemOnGoogleAndVerify" duration-ms="14742" started-at="2021-09-25T23:11:14Z" data-provider="getGoogleTestData" finished-at="2021-09-25T23:11:29Z">
          <params>
            <param index="0">
              <value>
                <![CDATA[Amazon]]>
              </value>
            </param>
            <param index="1">
              <value>
                <![CDATA[Amazon.in1]]>
              </value>
            </param>
          </params>
          <exception class="org.openqa.selenium.NoSuchElementException">
            <message>
              <![CDATA[no such element: Unable to locate element: {"method":"xpath","selector":"//div[@id='search']//a//h3[contains(text(),'Amazon.in1')]"}
  (Session info: chrome=94.0.4606.61)
For documentation on this error, please visit: https://www.seleniumhq.org/exceptions/no_such_element.html
Build info: version: '3.141.59', revision: 'e82be7d358', time: '2018-11-14T08:17:03'
System info: host: 'LP1-AP-51836313', ip: '172.28.80.1', os.name: 'Windows 10', os.arch: 'amd64', os.version: '10.0', java.version: '1.8.0_231'
Driver info: org.openqa.selenium.chrome.ChromeDriver
Capabilities {acceptInsecureCerts: false, browserName: chrome, browserVersion: 94.0.4606.61, chrome: {chromedriverVersion: 94.0.4606.41 (333e85df3c9b6..., userDataDir: C:\Users\RAHUL-~1\AppData\L...}, goog:chromeOptions: {debuggerAddress: localhost:59611}, javascriptEnabled: true, networkConnectionEnabled: false, pageLoadStrategy: normal, platform: WINDOWS, platformName: WINDOWS, proxy: Proxy(), setWindowRect: true, strictFileInteractability: false, timeouts: {implicit: 0, pageLoad: 300000, script: 30000}, unhandledPromptBehavior: dismiss and notify, webauthn:extension:credBlob: true, webauthn:extension:largeBlob: true, webauthn:virtualAuthenticators: true}
Session ID: 20a1f5a2b306390c7c3d7980c33fb5e4
*** Element info: {Using=xpath, value=//div[@id='search']//a//h3[contains(text(),'Amazon.in1')]}]]>
            </message>
            <full-stacktrace>
              <![CDATA[org.openqa.selenium.NoSuchElementException: no such element: Unable to locate element: {"method":"xpath","selector":"//div[@id='search']//a//h3[contains(text(),'Amazon.in1')]"}
  (Session info: chrome=94.0.4606.61)
For documentation on this error, please visit: https://www.seleniumhq.org/exceptions/no_such_element.html
Build info: version: '3.141.59', revision: 'e82be7d358', time: '2018-11-14T08:17:03'
System info: host: 'LP1-AP-51836313', ip: '172.28.80.1', os.name: 'Windows 10', os.arch: 'amd64', os.version: '10.0', java.version: '1.8.0_231'
Driver info: org.openqa.selenium.chrome.ChromeDriver
Capabilities {acceptInsecureCerts: false, browserName: chrome, browserVersion: 94.0.4606.61, chrome: {chromedriverVersion: 94.0.4606.41 (333e85df3c9b6..., userDataDir: C:\Users\RAHUL-~1\AppData\L...}, goog:chromeOptions: {debuggerAddress: localhost:59611}, javascriptEnabled: true, networkConnectionEnabled: false, pageLoadStrategy: normal, platform: WINDOWS, platformName: WINDOWS, proxy: Proxy(), setWindowRect: true, strictFileInteractability: false, timeouts: {implicit: 0, pageLoad: 300000, script: 30000}, unhandledPromptBehavior: dismiss and notify, webauthn:extension:credBlob: true, webauthn:extension:largeBlob: true, webauthn:virtualAuthenticators: true}
Session ID: 20a1f5a2b306390c7c3d7980c33fb5e4
*** Element info: {Using=xpath, value=//div[@id='search']//a//h3[contains(text(),'Amazon.in1')]}
at sun.reflect.NativeConstructorAccessorImpl.newInstance0(Native Method)
at sun.reflect.NativeConstructorAccessorImpl.newInstance(Unknown Source)
at sun.reflect.DelegatingConstructorAccessorImpl.newInstance(Unknown Source)
at java.lang.reflect.Constructor.newInstance(Unknown Source)
at org.openqa.selenium.remote.http.W3CHttpResponseCodec.createException(W3CHttpResponseCodec.java:187)
at org.openqa.selenium.remote.http.W3CHttpResponseCodec.decode(W3CHttpResponseCodec.java:122)
at org.openqa.selenium.remote.http.W3CHttpResponseCodec.decode(W3CHttpResponseCodec.java:49)
at org.openqa.selenium.remote.HttpCommandExecutor.execute(HttpCommandExecutor.java:158)
at org.openqa.selenium.remote.service.DriverCommandExecutor.execute(DriverCommandExecutor.java:83)
at org.openqa.selenium.remote.RemoteWebDriver.execute(RemoteWebDriver.java:552)
at org.openqa.selenium.remote.RemoteWebDriver.findElement(RemoteWebDriver.java:323)
at org.openqa.selenium.remote.RemoteWebDriver.findElementByXPath(RemoteWebDriver.java:428)
at org.openqa.selenium.By$ByXPath.findElement(By.java:353)
at org.openqa.selenium.remote.RemoteWebDriver.findElement(RemoteWebDriver.java:315)
at com.qa.selenium.utils.ElementUtil.convertStringToWebElement(ElementUtil.java:85)
at com.qa.selenium.pages.GooglePage.getFirstSearchedItem(GooglePage.java:48)
at com.qa.selenium.tests.GooglePageTest.searchItemOnGoogleAndVerify(GooglePageTest.java:23)
at sun.reflect.NativeMethodAccessorImpl.invoke0(Native Method)
at sun.reflect.NativeMethodAccessorImpl.invoke(Unknown Source)
at sun.reflect.DelegatingMethodAccessorImpl.invoke(Unknown Source)
at java.lang.reflect.Method.invoke(Unknown Source)
at org.testng.internal.MethodInvocationHelper.invokeMethod(MethodInvocationHelper.java:124)
at org.testng.internal.Invoker.invokeMethod(Invoker.java:583)
at org.testng.internal.Invoker.retryFailed(Invoker.java:839)
at org.testng.internal.Invoker.invokeTestMethods(Invoker.java:1010)
at org.testng.internal.TestMethodWorker.invokeTestMethods(TestMethodWorker.java:125)
at org.testng.internal.TestMethodWorker.run(TestMethodWorker.java:109)
at org.testng.TestRunner.privateRun(TestRunner.java:648)
at org.testng.TestRunner.run(TestRunner.java:505)
at org.testng.SuiteRunner.runTest(SuiteRunner.java:455)
at org.testng.SuiteRunner.access$000(SuiteRunner.java:40)
at org.testng.SuiteRunner$SuiteWorker.run(SuiteRunner.java:489)
at org.testng.internal.thread.ThreadUtil$1.call(ThreadUtil.java:52)
at java.util.concurrent.FutureTask.run(Unknown Source)
at java.util.concurrent.ThreadPoolExecutor.runWorker(Unknown Source)
at java.util.concurrent.ThreadPoolExecutor$Worker.run(Unknown Source)
at java.lang.Thread.run(Unknown Source)
]]>
            </full-stacktrace>
          </exception> <!-- org.openqa.selenium.NoSuchElementException -->
          <reporter-output>
          </reporter-output>
        </test-method> <!-- searchItemOnGoogleAndVerify -->
        <test-method status="PASS" signature="tearDown()[pri:0, instance:com.qa.selenium.tests.GooglePageTest@53aad5d5]" name="tearDown" is-config="true" duration-ms="747" started-at="2021-09-25T23:11:29Z" finished-at="2021-09-25T23:11:30Z">
          <reporter-output>
          </reporter-output>
        </test-method> <!-- tearDown -->
        <test-method status="PASS" signature="setUp(java.lang.String)[pri:0, instance:com.qa.selenium.tests.GooglePageTest@53aad5d5]" name="setUp" is-config="true" duration-ms="2063" started-at="2021-09-25T23:11:30Z" finished-at="2021-09-25T23:11:32Z">
          <params>
            <param index="0">
              <value>
                <![CDATA[chrome]]>
              </value>
            </param>
          </params>
          <reporter-output>
          </reporter-output>
        </test-method> <!-- setUp -->
        <test-method status="FAIL" signature="searchItemOnGoogleAndVerify(java.lang.String, java.lang.String)[pri:1, instance:com.qa.selenium.tests.GooglePageTest@53aad5d5]" name="searchItemOnGoogleAndVerify" duration-ms="14980" started-at="2021-09-25T23:11:32Z" data-provider="getGoogleTestData" finished-at="2021-09-25T23:11:47Z">
          <params>
            <param index="0">
              <value>
                <![CDATA[Amazon]]>
              </value>
            </param>
            <param index="1">
              <value>
                <![CDATA[Amazon.in1]]>
              </value>
            </param>
          </params>
          <exception class="org.openqa.selenium.NoSuchElementException">
            <message>
              <![CDATA[no such element: Unable to locate element: {"method":"xpath","selector":"//div[@id='search']//a//h3[contains(text(),'Amazon.in1')]"}
  (Session info: chrome=94.0.4606.61)
For documentation on this error, please visit: https://www.seleniumhq.org/exceptions/no_such_element.html
Build info: version: '3.141.59', revision: 'e82be7d358', time: '2018-11-14T08:17:03'
System info: host: 'LP1-AP-51836313', ip: '172.28.80.1', os.name: 'Windows 10', os.arch: 'amd64', os.version: '10.0', java.version: '1.8.0_231'
Driver info: org.openqa.selenium.chrome.ChromeDriver
Capabilities {acceptInsecureCerts: false, browserName: chrome, browserVersion: 94.0.4606.61, chrome: {chromedriverVersion: 94.0.4606.41 (333e85df3c9b6..., userDataDir: C:\Users\RAHUL-~1\AppData\L...}, goog:chromeOptions: {debuggerAddress: localhost:53892}, javascriptEnabled: true, networkConnectionEnabled: false, pageLoadStrategy: normal, platform: WINDOWS, platformName: WINDOWS, proxy: Proxy(), setWindowRect: true, strictFileInteractability: false, timeouts: {implicit: 0, pageLoad: 300000, script: 30000}, unhandledPromptBehavior: dismiss and notify, webauthn:extension:credBlob: true, webauthn:extension:largeBlob: true, webauthn:virtualAuthenticators: true}
Session ID: 3fc5a171242c21cbe04e3d37d93465e5
*** Element info: {Using=xpath, value=//div[@id='search']//a//h3[contains(text(),'Amazon.in1')]}]]>
            </message>
            <full-stacktrace>
              <![CDATA[org.openqa.selenium.NoSuchElementException: no such element: Unable to locate element: {"method":"xpath","selector":"//div[@id='search']//a//h3[contains(text(),'Amazon.in1')]"}
  (Session info: chrome=94.0.4606.61)
For documentation on this error, please visit: https://www.seleniumhq.org/exceptions/no_such_element.html
Build info: version: '3.141.59', revision: 'e82be7d358', time: '2018-11-14T08:17:03'
System info: host: 'LP1-AP-51836313', ip: '172.28.80.1', os.name: 'Windows 10', os.arch: 'amd64', os.version: '10.0', java.version: '1.8.0_231'
Driver info: org.openqa.selenium.chrome.ChromeDriver
Capabilities {acceptInsecureCerts: false, browserName: chrome, browserVersion: 94.0.4606.61, chrome: {chromedriverVersion: 94.0.4606.41 (333e85df3c9b6..., userDataDir: C:\Users\RAHUL-~1\AppData\L...}, goog:chromeOptions: {debuggerAddress: localhost:53892}, javascriptEnabled: true, networkConnectionEnabled: false, pageLoadStrategy: normal, platform: WINDOWS, platformName: WINDOWS, proxy: Proxy(), setWindowRect: true, strictFileInteractability: false, timeouts: {implicit: 0, pageLoad: 300000, script: 30000}, unhandledPromptBehavior: dismiss and notify, webauthn:extension:credBlob: true, webauthn:extension:largeBlob: true, webauthn:virtualAuthenticators: true}
Session ID: 3fc5a171242c21cbe04e3d37d93465e5
*** Element info: {Using=xpath, value=//div[@id='search']//a//h3[contains(text(),'Amazon.in1')]}
at sun.reflect.NativeConstructorAccessorImpl.newInstance0(Native Method)
at sun.reflect.NativeConstructorAccessorImpl.newInstance(Unknown Source)
at sun.reflect.DelegatingConstructorAccessorImpl.newInstance(Unknown Source)
at java.lang.reflect.Constructor.newInstance(Unknown Source)
at org.openqa.selenium.remote.http.W3CHttpResponseCodec.createException(W3CHttpResponseCodec.java:187)
at org.openqa.selenium.remote.http.W3CHttpResponseCodec.decode(W3CHttpResponseCodec.java:122)
at org.openqa.selenium.remote.http.W3CHttpResponseCodec.decode(W3CHttpResponseCodec.java:49)
at org.openqa.selenium.remote.HttpCommandExecutor.execute(HttpCommandExecutor.java:158)
at org.openqa.selenium.remote.service.DriverCommandExecutor.execute(DriverCommandExecutor.java:83)
at org.openqa.selenium.remote.RemoteWebDriver.execute(RemoteWebDriver.java:552)
at org.openqa.selenium.remote.RemoteWebDriver.findElement(RemoteWebDriver.java:323)
at org.openqa.selenium.remote.RemoteWebDriver.findElementByXPath(RemoteWebDriver.java:428)
at org.openqa.selenium.By$ByXPath.findElement(By.java:353)
at org.openqa.selenium.remote.RemoteWebDriver.findElement(RemoteWebDriver.java:315)
at com.qa.selenium.utils.ElementUtil.convertStringToWebElement(ElementUtil.java:85)
at com.qa.selenium.pages.GooglePage.getFirstSearchedItem(GooglePage.java:48)
at com.qa.selenium.tests.GooglePageTest.searchItemOnGoogleAndVerify(GooglePageTest.java:23)
at sun.reflect.NativeMethodAccessorImpl.invoke0(Native Method)
at sun.reflect.NativeMethodAccessorImpl.invoke(Unknown Source)
at sun.reflect.DelegatingMethodAccessorImpl.invoke(Unknown Source)
at java.lang.reflect.Method.invoke(Unknown Source)
at org.testng.internal.MethodInvocationHelper.invokeMethod(MethodInvocationHelper.java:124)
at org.testng.internal.Invoker.invokeMethod(Invoker.java:583)
at org.testng.internal.Invoker.retryFailed(Invoker.java:839)
at org.testng.internal.Invoker.invokeTestMethods(Invoker.java:1010)
at org.testng.internal.TestMethodWorker.invokeTestMethods(TestMethodWorker.java:125)
at org.testng.internal.TestMethodWorker.run(TestMethodWorker.java:109)
at org.testng.TestRunner.privateRun(TestRunner.java:648)
at org.testng.TestRunner.run(TestRunner.java:505)
at org.testng.SuiteRunner.runTest(SuiteRunner.java:455)
at org.testng.SuiteRunner.access$000(SuiteRunner.java:40)
at org.testng.SuiteRunner$SuiteWorker.run(SuiteRunner.java:489)
at org.testng.internal.thread.ThreadUtil$1.call(ThreadUtil.java:52)
at java.util.concurrent.FutureTask.run(Unknown Source)
at java.util.concurrent.ThreadPoolExecutor.runWorker(Unknown Source)
at java.util.concurrent.ThreadPoolExecutor$Worker.run(Unknown Source)
at java.lang.Thread.run(Unknown Source)
]]>
            </full-stacktrace>
          </exception> <!-- org.openqa.selenium.NoSuchElementException -->
          <reporter-output>
          </reporter-output>
        </test-method> <!-- searchItemOnGoogleAndVerify -->
        <test-method status="PASS" signature="tearDown()[pri:0, instance:com.qa.selenium.tests.GooglePageTest@53aad5d5]" name="tearDown" is-config="true" duration-ms="731" started-at="2021-09-25T23:11:47Z" finished-at="2021-09-25T23:11:48Z">
          <reporter-output>
          </reporter-output>
        </test-method> <!-- tearDown -->
      </class> <!-- com.qa.selenium.tests.GooglePageTest -->
    </test> <!-- Google Page Test -->
  </suite> <!-- Google Search Regression Suite -->
</testng-results>
